{"C:\\Cositas varias\\enviar\\React\\react\\giftsApp\\src\\GisfsApp.tsx": {"path":"C:\\Cositas varias\\enviar\\React\\react\\giftsApp\\src\\GisfsApp.tsx","statementMap":{"0":{"start":{"line":7,"column":13},"end":{"line":33,"column":null}},"1":{"start":{"line":8,"column":49},"end":{"line":8,"column":76}},"2":{"start":{"line":10,"column":2},"end":{"line":33,"column":null}}},"fnMap":{"0":{"name":"(anonymous_0)","decl":{"start":{"line":7,"column":13},"end":{"line":7,"column":30}},"loc":{"start":{"line":7,"column":30},"end":{"line":33,"column":null}},"line":7}},"branchMap":{},"s":{"0":1,"1":1,"2":1},"f":{"0":1},"b":{},"meta":{"lastBranch":0,"lastFunction":1,"lastStatement":3,"seen":{"s:7:13:33:Infinity":0,"f:7:13:7:30":0,"s:8:49:8:76":1,"s:10:2:33:Infinity":2}}}
,"C:\\Cositas varias\\enviar\\React\\react\\giftsApp\\src\\counter\\Components\\MyCounterApp.tsx": {"path":"C:\\Cositas varias\\enviar\\React\\react\\giftsApp\\src\\counter\\Components\\MyCounterApp.tsx","statementMap":{"0":{"start":{"line":3,"column":13},"end":{"line":13,"column":null}},"1":{"start":{"line":4,"column":43},"end":{"line":4,"column":75}},"2":{"start":{"line":5,"column":2},"end":{"line":13,"column":null}}},"fnMap":{"0":{"name":"(anonymous_0)","decl":{"start":{"line":3,"column":13},"end":{"line":3,"column":34}},"loc":{"start":{"line":3,"column":34},"end":{"line":13,"column":null}},"line":3}},"branchMap":{},"s":{"0":2,"1":8,"2":8},"f":{"0":8},"b":{},"meta":{"lastBranch":0,"lastFunction":1,"lastStatement":3,"seen":{"s:3:13:13:Infinity":0,"f:3:13:3:34":0,"s:4:43:4:75":1,"s:5:2:13:Infinity":2}}}
,"C:\\Cositas varias\\enviar\\React\\react\\giftsApp\\src\\counter\\hooks\\useCounter.tsx": {"path":"C:\\Cositas varias\\enviar\\React\\react\\giftsApp\\src\\counter\\hooks\\useCounter.tsx","statementMap":{"0":{"start":{"line":4,"column":13},"end":{"line":29,"column":null}},"1":{"start":{"line":5,"column":18},"end":{"line":5,"column":54}},"2":{"start":{"line":7,"column":8},"end":{"line":8,"column":null}},"3":{"start":{"line":8,"column":4},"end":{"line":8,"column":null}},"4":{"start":{"line":11,"column":8},"end":{"line":14,"column":null}},"5":{"start":{"line":12,"column":4},"end":{"line":12,"column":null}},"6":{"start":{"line":13,"column":4},"end":{"line":14,"column":null}},"7":{"start":{"line":14,"column":6},"end":{"line":14,"column":null}},"8":{"start":{"line":18,"column":8},"end":{"line":19,"column":null}},"9":{"start":{"line":19,"column":4},"end":{"line":19,"column":null}},"10":{"start":{"line":22,"column":2},"end":{"line":29,"column":null}}},"fnMap":{"0":{"name":"(anonymous_0)","decl":{"start":{"line":4,"column":13},"end":{"line":4,"column":27}},"loc":{"start":{"line":4,"column":56},"end":{"line":29,"column":null}},"line":4},"1":{"name":"(anonymous_1)","decl":{"start":{"line":7,"column":8},"end":{"line":7,"column":26}},"loc":{"start":{"line":7,"column":26},"end":{"line":8,"column":null}},"line":7},"2":{"name":"(anonymous_2)","decl":{"start":{"line":11,"column":8},"end":{"line":11,"column":32}},"loc":{"start":{"line":11,"column":32},"end":{"line":14,"column":null}},"line":11},"3":{"name":"(anonymous_3)","decl":{"start":{"line":18,"column":8},"end":{"line":18,"column":28}},"loc":{"start":{"line":18,"column":28},"end":{"line":19,"column":null}},"line":18}},"branchMap":{"0":{"loc":{"start":{"line":4,"column":27},"end":{"line":4,"column":56}},"type":"default-arg","locations":[{"start":{"line":4,"column":50},"end":{"line":4,"column":56}}],"line":4},"1":{"loc":{"start":{"line":13,"column":4},"end":{"line":14,"column":null}},"type":"if","locations":[{"start":{"line":13,"column":4},"end":{"line":14,"column":null}},{"start":{},"end":{}}],"line":13}},"s":{"0":2,"1":13,"2":13,"3":2,"4":13,"5":2,"6":2,"7":0,"8":13,"9":2,"10":13},"f":{"0":13,"1":2,"2":2,"3":2},"b":{"0":[13],"1":[0,2]},"meta":{"lastBranch":2,"lastFunction":4,"lastStatement":11,"seen":{"s:4:13:29:Infinity":0,"f:4:13:4:27":0,"b:4:50:4:56":0,"s:5:18:5:54":1,"s:7:8:8:Infinity":2,"f:7:8:7:26":1,"s:8:4:8:Infinity":3,"s:11:8:14:Infinity":4,"f:11:8:11:32":2,"s:12:4:12:Infinity":5,"b:13:4:14:Infinity:undefined:undefined:undefined:undefined":1,"s:13:4:14:Infinity":6,"s:14:6:14:Infinity":7,"s:18:8:19:Infinity":8,"f:18:8:18:28":3,"s:19:4:19:Infinity":9,"s:22:2:29:Infinity":10}}}
,"C:\\Cositas varias\\enviar\\React\\react\\giftsApp\\src\\gifs\\Giflist.tsx": {"path":"C:\\Cositas varias\\enviar\\React\\react\\giftsApp\\src\\gifs\\Giflist.tsx","statementMap":{"0":{"start":{"line":10,"column":13},"end":{"line":26,"column":null}},"1":{"start":{"line":11,"column":2},"end":{"line":26,"column":null}},"2":{"start":{"line":14,"column":8},"end":{"line":24,"column":null}},"3":{"start":{"line":18,"column":12},"end":{"line":18,"column":null}}},"fnMap":{"0":{"name":"(anonymous_0)","decl":{"start":{"line":10,"column":13},"end":{"line":10,"column":35}},"loc":{"start":{"line":10,"column":48},"end":{"line":26,"column":null}},"line":10},"1":{"name":"(anonymous_1)","decl":{"start":{"line":13,"column":12},"end":{"line":13,"column":17}},"loc":{"start":{"line":14,"column":8},"end":{"line":24,"column":null}},"line":14},"2":{"name":"(anonymous_2)","decl":{"start":{"line":18,"column":12},"end":{"line":18,"column":27}},"loc":{"start":{"line":18,"column":12},"end":{"line":18,"column":null}},"line":18}},"branchMap":{},"s":{"0":1,"1":1,"2":0,"3":0},"f":{"0":1,"1":0,"2":0},"b":{},"meta":{"lastBranch":0,"lastFunction":3,"lastStatement":4,"seen":{"s:10:13:26:Infinity":0,"f:10:13:10:35":0,"s:11:2:26:Infinity":1,"f:13:12:13:17":1,"s:14:8:24:Infinity":2,"f:18:12:18:27":2,"s:18:12:18:Infinity":3}}}
,"C:\\Cositas varias\\enviar\\React\\react\\giftsApp\\src\\gifs\\PreviousSearches.tsx": {"path":"C:\\Cositas varias\\enviar\\React\\react\\giftsApp\\src\\gifs\\PreviousSearches.tsx","statementMap":{"0":{"start":{"line":9,"column":13},"end":{"line":19,"column":null}},"1":{"start":{"line":10,"column":2},"end":{"line":19,"column":null}},"2":{"start":{"line":15,"column":10},"end":{"line":17,"column":null}},"3":{"start":{"line":15,"column":40},"end":{"line":15,"column":60}}},"fnMap":{"0":{"name":"(anonymous_0)","decl":{"start":{"line":9,"column":13},"end":{"line":9,"column":44}},"loc":{"start":{"line":9,"column":77},"end":{"line":19,"column":null}},"line":9},"1":{"name":"(anonymous_1)","decl":{"start":{"line":14,"column":18},"end":{"line":14,"column":23}},"loc":{"start":{"line":15,"column":10},"end":{"line":17,"column":null}},"line":15},"2":{"name":"(anonymous_2)","decl":{"start":{"line":15,"column":25},"end":{"line":15,"column":40}},"loc":{"start":{"line":15,"column":40},"end":{"line":15,"column":60}},"line":15}},"branchMap":{},"s":{"0":1,"1":1,"2":0,"3":0},"f":{"0":1,"1":0,"2":0},"b":{},"meta":{"lastBranch":0,"lastFunction":3,"lastStatement":4,"seen":{"s:9:13:19:Infinity":0,"f:9:13:9:44":0,"s:10:2:19:Infinity":1,"f:14:18:14:23":1,"s:15:10:17:Infinity":2,"f:15:25:15:40":2,"s:15:40:15:60":3}}}
,"C:\\Cositas varias\\enviar\\React\\react\\giftsApp\\src\\gifs\\copyGif.tsx": {"path":"C:\\Cositas varias\\enviar\\React\\react\\giftsApp\\src\\gifs\\copyGif.tsx","statementMap":{"0":{"start":{"line":1,"column":34},"end":{"line":55,"column":null}},"1":{"start":{"line":2,"column":2},"end":{"line":55,"column":null}},"2":{"start":{"line":4,"column":4},"end":{"line":8,"column":null}},"3":{"start":{"line":5,"column":6},"end":{"line":7,"column":null}},"4":{"start":{"line":8,"column":6},"end":{"line":8,"column":null}},"5":{"start":{"line":12,"column":4},"end":{"line":21,"column":null}},"6":{"start":{"line":13,"column":6},"end":{"line":15,"column":null}},"7":{"start":{"line":17,"column":6},"end":{"line":17,"column":null}},"8":{"start":{"line":18,"column":6},"end":{"line":20,"column":null}},"9":{"start":{"line":21,"column":6},"end":{"line":21,"column":null}},"10":{"start":{"line":24,"column":21},"end":{"line":24,"column":37}},"11":{"start":{"line":25,"column":4},"end":{"line":28,"column":null}},"12":{"start":{"line":26,"column":6},"end":{"line":28,"column":null}},"13":{"start":{"line":30,"column":17},"end":{"line":30,"column":38}},"14":{"start":{"line":32,"column":4},"end":{"line":36,"column":null}},"15":{"start":{"line":38,"column":4},"end":{"line":38,"column":null}},"16":{"start":{"line":40,"column":4},"end":{"line":40,"column":null}},"17":{"start":{"line":41,"column":4},"end":{"line":55,"column":null}},"18":{"start":{"line":42,"column":6},"end":{"line":44,"column":null}},"19":{"start":{"line":45,"column":15},"end":{"line":55,"column":null}},"20":{"start":{"line":46,"column":6},"end":{"line":48,"column":null}},"21":{"start":{"line":50,"column":6},"end":{"line":55,"column":null}},"22":{"start":{"line":53,"column":6},"end":{"line":55,"column":null}}},"fnMap":{"0":{"name":"(anonymous_0)","decl":{"start":{"line":1,"column":34},"end":{"line":1,"column":41}},"loc":{"start":{"line":1,"column":57},"end":{"line":55,"column":null}},"line":1}},"branchMap":{"0":{"loc":{"start":{"line":4,"column":4},"end":{"line":8,"column":null}},"type":"if","locations":[{"start":{"line":4,"column":4},"end":{"line":8,"column":null}},{"start":{},"end":{}}],"line":4},"1":{"loc":{"start":{"line":4,"column":8},"end":{"line":4,"column":60}},"type":"binary-expr","locations":[{"start":{"line":4,"column":8},"end":{"line":4,"column":32}},{"start":{"line":4,"column":32},"end":{"line":4,"column":60}}],"line":4},"2":{"loc":{"start":{"line":12,"column":4},"end":{"line":21,"column":null}},"type":"if","locations":[{"start":{"line":12,"column":4},"end":{"line":21,"column":null}},{"start":{},"end":{}}],"line":12},"3":{"loc":{"start":{"line":25,"column":4},"end":{"line":28,"column":null}},"type":"if","locations":[{"start":{"line":25,"column":4},"end":{"line":28,"column":null}},{"start":{},"end":{}}],"line":25},"4":{"loc":{"start":{"line":40,"column":54},"end":{"line":40,"column":77}},"type":"binary-expr","locations":[{"start":{"line":40,"column":54},"end":{"line":40,"column":71}},{"start":{"line":40,"column":71},"end":{"line":40,"column":77}}],"line":40},"5":{"loc":{"start":{"line":41,"column":4},"end":{"line":55,"column":null}},"type":"if","locations":[{"start":{"line":41,"column":4},"end":{"line":55,"column":null}},{"start":{"line":45,"column":15},"end":{"line":55,"column":null}}],"line":41},"6":{"loc":{"start":{"line":41,"column":8},"end":{"line":41,"column":76}},"type":"binary-expr","locations":[{"start":{"line":41,"column":8},"end":{"line":41,"column":44}},{"start":{"line":41,"column":44},"end":{"line":41,"column":76}}],"line":41},"7":{"loc":{"start":{"line":45,"column":15},"end":{"line":55,"column":null}},"type":"if","locations":[{"start":{"line":45,"column":15},"end":{"line":55,"column":null}},{"start":{"line":50,"column":6},"end":{"line":55,"column":null}}],"line":45},"8":{"loc":{"start":{"line":50,"column":6},"end":{"line":55,"column":null}},"type":"if","locations":[{"start":{"line":50,"column":6},"end":{"line":55,"column":null}},{"start":{},"end":{}}],"line":50},"9":{"loc":{"start":{"line":50,"column":6},"end":{"line":51,"column":45}},"type":"binary-expr","locations":[{"start":{"line":50,"column":6},"end":{"line":50,"column":null}},{"start":{"line":51,"column":6},"end":{"line":51,"column":45}}],"line":50}},"s":{"0":1,"1":0,"2":0,"3":0,"4":0,"5":0,"6":0,"7":0,"8":0,"9":0,"10":0,"11":0,"12":0,"13":0,"14":0,"15":0,"16":0,"17":0,"18":0,"19":0,"20":0,"21":0,"22":0},"f":{"0":0},"b":{"0":[0,0],"1":[0,0],"2":[0,0],"3":[0,0],"4":[0,0],"5":[0,0],"6":[0,0],"7":[0,0],"8":[0,0],"9":[0,0]},"meta":{"lastBranch":10,"lastFunction":1,"lastStatement":23,"seen":{"s:1:34:55:Infinity":0,"f:1:34:1:41":0,"s:2:2:55:Infinity":1,"b:4:4:8:Infinity:undefined:undefined:undefined:undefined":0,"s:4:4:8:Infinity":2,"b:4:8:4:32:4:32:4:60":1,"s:5:6:7:Infinity":3,"s:8:6:8:Infinity":4,"b:12:4:21:Infinity:undefined:undefined:undefined:undefined":2,"s:12:4:21:Infinity":5,"s:13:6:15:Infinity":6,"s:17:6:17:Infinity":7,"s:18:6:20:Infinity":8,"s:21:6:21:Infinity":9,"s:24:21:24:37":10,"b:25:4:28:Infinity:undefined:undefined:undefined:undefined":3,"s:25:4:28:Infinity":11,"s:26:6:28:Infinity":12,"s:30:17:30:38":13,"s:32:4:36:Infinity":14,"s:38:4:38:Infinity":15,"s:40:4:40:Infinity":16,"b:40:54:40:71:40:71:40:77":4,"b:41:4:55:Infinity:45:15:55:Infinity":5,"s:41:4:55:Infinity":17,"b:41:8:41:44:41:44:41:76":6,"s:42:6:44:Infinity":18,"b:45:15:55:Infinity:50:6:55:Infinity":7,"s:45:15:55:Infinity":19,"s:46:6:48:Infinity":20,"b:50:6:55:Infinity:undefined:undefined:undefined:undefined":8,"s:50:6:55:Infinity":21,"b:50:6:50:Infinity:51:6:51:45":9,"s:53:6:55:Infinity":22}}}
,"C:\\Cositas varias\\enviar\\React\\react\\giftsApp\\src\\gifs\\Actions\\get-gifs-by-query.action.ts": {"path":"C:\\Cositas varias\\enviar\\React\\react\\giftsApp\\src\\gifs\\Actions\\get-gifs-by-query.action.ts","statementMap":{"0":{"start":{"line":7,"column":29},"end":{"line":31,"column":null}},"1":{"start":{"line":9,"column":4},"end":{"line":10,"column":null}},"2":{"start":{"line":10,"column":8},"end":{"line":10,"column":null}},"3":{"start":{"line":12,"column":4},"end":{"line":31,"column":null}},"4":{"start":{"line":13,"column":23},"end":{"line":18,"column":6}},"5":{"start":{"line":22,"column":4},"end":{"line":28,"column":null}},"6":{"start":{"line":22,"column":44},"end":{"line":28,"column":7}},"7":{"start":{"line":30,"column":8},"end":{"line":30,"column":null}},"8":{"start":{"line":31,"column":8},"end":{"line":31,"column":null}}},"fnMap":{"0":{"name":"(anonymous_0)","decl":{"start":{"line":7,"column":29},"end":{"line":7,"column":35}},"loc":{"start":{"line":7,"column":67},"end":{"line":31,"column":null}},"line":7},"1":{"name":"(anonymous_1)","decl":{"start":{"line":22,"column":30},"end":{"line":22,"column":35}},"loc":{"start":{"line":22,"column":44},"end":{"line":28,"column":7}},"line":22}},"branchMap":{"0":{"loc":{"start":{"line":9,"column":4},"end":{"line":10,"column":null}},"type":"if","locations":[{"start":{"line":9,"column":4},"end":{"line":10,"column":null}},{"start":{},"end":{}}],"line":9}},"s":{"0":3,"1":6,"2":1,"3":5,"4":5,"5":4,"6":35,"7":1,"8":1},"f":{"0":6,"1":35},"b":{"0":[1,5]},"meta":{"lastBranch":1,"lastFunction":2,"lastStatement":9,"seen":{"s:7:29:31:Infinity":0,"f:7:29:7:35":0,"b:9:4:10:Infinity:undefined:undefined:undefined:undefined":0,"s:9:4:10:Infinity":1,"s:10:8:10:Infinity":2,"s:12:4:31:Infinity":3,"s:13:23:18:6":4,"s:22:4:28:Infinity":5,"f:22:30:22:35":1,"s:22:44:28:7":6,"s:30:8:30:Infinity":7,"s:31:8:31:Infinity":8}}}
,"C:\\Cositas varias\\enviar\\React\\react\\giftsApp\\src\\gifs\\api\\giphy.api.ts": {"path":"C:\\Cositas varias\\enviar\\React\\react\\giftsApp\\src\\gifs\\api\\giphy.api.ts","statementMap":{"0":{"start":{"line":3,"column":24},"end":{"line":9,"column":null}}},"fnMap":{},"branchMap":{},"s":{"0":4},"f":{},"b":{},"meta":{"lastBranch":0,"lastFunction":0,"lastStatement":1,"seen":{"s:3:24:9:Infinity":0}}}
,"C:\\Cositas varias\\enviar\\React\\react\\giftsApp\\src\\gifs\\hooks\\useGifs.tsx": {"path":"C:\\Cositas varias\\enviar\\React\\react\\giftsApp\\src\\gifs\\hooks\\useGifs.tsx","statementMap":{"0":{"start":{"line":7,"column":13},"end":{"line":53,"column":null}},"1":{"start":{"line":9,"column":15},"end":{"line":9,"column":45}},"2":{"start":{"line":10,"column":24},"end":{"line":10,"column":66}},"3":{"start":{"line":12,"column":8},"end":{"line":12,"column":53}},"4":{"start":{"line":14,"column":28},"end":{"line":23,"column":null}},"5":{"start":{"line":15,"column":4},"end":{"line":15,"column":null}},"6":{"start":{"line":16,"column":4},"end":{"line":18,"column":null}},"7":{"start":{"line":17,"column":6},"end":{"line":17,"column":null}},"8":{"start":{"line":18,"column":6},"end":{"line":18,"column":null}},"9":{"start":{"line":21,"column":17},"end":{"line":21,"column":43}},"10":{"start":{"line":22,"column":4},"end":{"line":22,"column":null}},"11":{"start":{"line":23,"column":4},"end":{"line":23,"column":null}},"12":{"start":{"line":26,"column":23},"end":{"line":40,"column":null}},"13":{"start":{"line":27,"column":4},"end":{"line":27,"column":null}},"14":{"start":{"line":29,"column":4},"end":{"line":29,"column":null}},"15":{"start":{"line":29,"column":28},"end":{"line":29,"column":null}},"16":{"start":{"line":31,"column":4},"end":{"line":32,"column":null}},"17":{"start":{"line":32,"column":6},"end":{"line":32,"column":null}},"18":{"start":{"line":35,"column":4},"end":{"line":35,"column":null}},"19":{"start":{"line":37,"column":17},"end":{"line":37,"column":44}},"20":{"start":{"line":38,"column":4},"end":{"line":38,"column":null}},"21":{"start":{"line":40,"column":4},"end":{"line":40,"column":null}},"22":{"start":{"line":46,"column":2},"end":{"line":53,"column":null}}},"fnMap":{"0":{"name":"(anonymous_0)","decl":{"start":{"line":7,"column":13},"end":{"line":7,"column":29}},"loc":{"start":{"line":7,"column":29},"end":{"line":53,"column":null}},"line":7},"1":{"name":"(anonymous_1)","decl":{"start":{"line":14,"column":28},"end":{"line":14,"column":35}},"loc":{"start":{"line":14,"column":52},"end":{"line":23,"column":null}},"line":14},"2":{"name":"(anonymous_2)","decl":{"start":{"line":26,"column":23},"end":{"line":26,"column":30}},"loc":{"start":{"line":26,"column":53},"end":{"line":40,"column":null}},"line":26}},"branchMap":{"0":{"loc":{"start":{"line":16,"column":4},"end":{"line":18,"column":null}},"type":"if","locations":[{"start":{"line":16,"column":4},"end":{"line":18,"column":null}},{"start":{},"end":{}}],"line":16},"1":{"loc":{"start":{"line":26,"column":30},"end":{"line":26,"column":53}},"type":"default-arg","locations":[{"start":{"line":26,"column":46},"end":{"line":26,"column":53}}],"line":26},"2":{"loc":{"start":{"line":29,"column":4},"end":{"line":29,"column":null}},"type":"if","locations":[{"start":{"line":29,"column":4},"end":{"line":29,"column":null}},{"start":{},"end":{}}],"line":29},"3":{"loc":{"start":{"line":31,"column":4},"end":{"line":32,"column":null}},"type":"if","locations":[{"start":{"line":31,"column":4},"end":{"line":32,"column":null}},{"start":{},"end":{}}],"line":31}},"s":{"0":2,"1":18,"2":18,"3":18,"4":18,"5":2,"6":2,"7":0,"8":0,"9":2,"10":2,"11":2,"12":18,"13":10,"14":10,"15":0,"16":10,"17":0,"18":10,"19":10,"20":10,"21":10,"22":18},"f":{"0":18,"1":2,"2":10},"b":{"0":[0,2],"1":[10],"2":[0,10],"3":[0,10]},"meta":{"lastBranch":4,"lastFunction":3,"lastStatement":23,"seen":{"s:7:13:53:Infinity":0,"f:7:13:7:29":0,"s:9:15:9:45":1,"s:10:24:10:66":2,"s:12:8:12:53":3,"s:14:28:23:Infinity":4,"f:14:28:14:35":1,"s:15:4:15:Infinity":5,"b:16:4:18:Infinity:undefined:undefined:undefined:undefined":0,"s:16:4:18:Infinity":6,"s:17:6:17:Infinity":7,"s:18:6:18:Infinity":8,"s:21:17:21:43":9,"s:22:4:22:Infinity":10,"s:23:4:23:Infinity":11,"s:26:23:40:Infinity":12,"f:26:23:26:30":2,"b:26:46:26:53":1,"s:27:4:27:Infinity":13,"b:29:4:29:Infinity:undefined:undefined:undefined:undefined":2,"s:29:4:29:Infinity":14,"s:29:28:29:Infinity":15,"b:31:4:32:Infinity:undefined:undefined:undefined:undefined":3,"s:31:4:32:Infinity":16,"s:32:6:32:Infinity":17,"s:35:4:35:Infinity":18,"s:37:17:37:44":19,"s:38:4:38:Infinity":20,"s:40:4:40:Infinity":21,"s:46:2:53:Infinity":22}}}
,"C:\\Cositas varias\\enviar\\React\\react\\giftsApp\\src\\shared\\components\\Customheader.tsx": {"path":"C:\\Cositas varias\\enviar\\React\\react\\giftsApp\\src\\shared\\components\\Customheader.tsx","statementMap":{"0":{"start":{"line":6,"column":13},"end":{"line":10,"column":null}},"1":{"start":{"line":7,"column":2},"end":{"line":10,"column":null}}},"fnMap":{"0":{"name":"(anonymous_0)","decl":{"start":{"line":6,"column":13},"end":{"line":6,"column":29}},"loc":{"start":{"line":6,"column":63},"end":{"line":10,"column":null}},"line":6}},"branchMap":{"0":{"loc":{"start":{"line":10,"column":7},"end":{"line":10,"column":null}},"type":"binary-expr","locations":[{"start":{"line":10,"column":7},"end":{"line":10,"column":22}},{"start":{"line":10,"column":22},"end":{"line":10,"column":null}}],"line":10}},"s":{"0":2,"1":4},"f":{"0":4},"b":{"0":[4,2]},"meta":{"lastBranch":1,"lastFunction":1,"lastStatement":2,"seen":{"s:6:13:10:Infinity":0,"f:6:13:6:29":0,"s:7:2:10:Infinity":1,"b:10:7:10:22:10:22:10:Infinity":0}}}
,"C:\\Cositas varias\\enviar\\React\\react\\giftsApp\\src\\shared\\components\\SearchBar.tsx": {"path":"C:\\Cositas varias\\enviar\\React\\react\\giftsApp\\src\\shared\\components\\SearchBar.tsx","statementMap":{"0":{"start":{"line":9,"column":16},"end":{"line":9,"column":40}},"1":{"start":{"line":11,"column":2},"end":{"line":21,"column":null}},"2":{"start":{"line":12,"column":22},"end":{"line":14,"column":11}},"3":{"start":{"line":13,"column":6},"end":{"line":13,"column":null}},"4":{"start":{"line":18,"column":4},"end":{"line":19,"column":null}},"5":{"start":{"line":19,"column":6},"end":{"line":19,"column":null}},"6":{"start":{"line":23,"column":8},"end":{"line":25,"column":null}},"7":{"start":{"line":24,"column":4},"end":{"line":24,"column":null}},"8":{"start":{"line":24,"column":35},"end":{"line":24,"column":null}},"9":{"start":{"line":25,"column":4},"end":{"line":25,"column":null}},"10":{"start":{"line":29,"column":8},"end":{"line":31,"column":null}},"11":{"start":{"line":30,"column":4},"end":{"line":31,"column":null}},"12":{"start":{"line":31,"column":6},"end":{"line":31,"column":null}},"13":{"start":{"line":35,"column":2},"end":{"line":44,"column":null}},"14":{"start":{"line":41,"column":29},"end":{"line":41,"column":57}}},"fnMap":{"0":{"name":"SearchBar","decl":{"start":{"line":8,"column":24},"end":{"line":8,"column":34}},"loc":{"start":{"line":8,"column":78},"end":{"line":44,"column":null}},"line":8},"1":{"name":"(anonymous_1)","decl":{"start":{"line":11,"column":2},"end":{"line":11,"column":18}},"loc":{"start":{"line":11,"column":18},"end":{"line":21,"column":6}},"line":11},"2":{"name":"(anonymous_2)","decl":{"start":{"line":12,"column":22},"end":{"line":12,"column":39}},"loc":{"start":{"line":12,"column":39},"end":{"line":14,"column":11}},"line":12},"3":{"name":"(anonymous_3)","decl":{"start":{"line":18,"column":4},"end":{"line":18,"column":17}},"loc":{"start":{"line":18,"column":17},"end":{"line":19,"column":null}},"line":18},"4":{"name":"(anonymous_4)","decl":{"start":{"line":23,"column":8},"end":{"line":23,"column":29}},"loc":{"start":{"line":23,"column":29},"end":{"line":25,"column":null}},"line":23},"5":{"name":"(anonymous_5)","decl":{"start":{"line":29,"column":8},"end":{"line":29,"column":25}},"loc":{"start":{"line":29,"column":68},"end":{"line":31,"column":null}},"line":29},"6":{"name":"(anonymous_6)","decl":{"start":{"line":41,"column":8},"end":{"line":41,"column":19}},"loc":{"start":{"line":41,"column":29},"end":{"line":41,"column":57}},"line":41}},"branchMap":{"0":{"loc":{"start":{"line":8,"column":36},"end":{"line":8,"column":60}},"type":"default-arg","locations":[{"start":{"line":8,"column":50},"end":{"line":8,"column":60}}],"line":8},"1":{"loc":{"start":{"line":24,"column":4},"end":{"line":24,"column":null}},"type":"if","locations":[{"start":{"line":24,"column":4},"end":{"line":24,"column":null}},{"start":{},"end":{}}],"line":24},"2":{"loc":{"start":{"line":30,"column":4},"end":{"line":31,"column":null}},"type":"if","locations":[{"start":{"line":30,"column":4},"end":{"line":31,"column":null}},{"start":{},"end":{}}],"line":30}},"s":{"0":9,"1":9,"2":9,"3":2,"4":9,"5":9,"6":9,"7":1,"8":0,"9":1,"10":9,"11":0,"12":0,"13":9,"14":3},"f":{"0":9,"1":9,"2":2,"3":9,"4":1,"5":0,"6":3},"b":{"0":[9],"1":[0,1],"2":[0,0]},"meta":{"lastBranch":3,"lastFunction":7,"lastStatement":15,"seen":{"f:8:24:8:34":0,"b:8:50:8:60":0,"s:9:16:9:40":0,"s:11:2:21:Infinity":1,"f:11:2:11:18":1,"s:12:22:14:11":2,"f:12:22:12:39":2,"s:13:6:13:Infinity":3,"s:18:4:19:Infinity":4,"f:18:4:18:17":3,"s:19:6:19:Infinity":5,"s:23:8:25:Infinity":6,"f:23:8:23:29":4,"b:24:4:24:Infinity:undefined:undefined:undefined:undefined":1,"s:24:4:24:Infinity":7,"s:24:35:24:Infinity":8,"s:25:4:25:Infinity":9,"s:29:8:31:Infinity":10,"f:29:8:29:25":5,"b:30:4:31:Infinity:undefined:undefined:undefined:undefined":2,"s:30:4:31:Infinity":11,"s:31:6:31:Infinity":12,"s:35:2:44:Infinity":13,"f:41:8:41:19":6,"s:41:29:41:57":14}}}
,"C:\\Cositas varias\\enviar\\React\\react\\giftsApp\\src\\tests\\mocks\\giphy.response.data.ts": {"path":"C:\\Cositas varias\\enviar\\React\\react\\giftsApp\\src\\tests\\mocks\\giphy.response.data.ts","statementMap":{"0":{"start":{"line":1,"column":39},"end":{"line":551,"column":null}}},"fnMap":{},"branchMap":{},"s":{"0":1},"f":{},"b":{},"meta":{"lastBranch":0,"lastFunction":0,"lastStatement":1,"seen":{"s:1:39:551:Infinity":0}}}
}
